                                      1 ;--------------------------------------------------------
                                      2 ; File Created by SDCC : free open source ANSI-C Compiler
                                      3 ; Version 3.6.9 #10207 (Linux)
                                      4 ;--------------------------------------------------------
                                      5 	.module main
                                      6 	.optsdcc -mstm8
                                      7 	
                                      8 ;--------------------------------------------------------
                                      9 ; Public variables in this module
                                     10 ;--------------------------------------------------------
                                     11 	.globl _main
                                     12 	.globl _i2c_stop
                                     13 	.globl _i2c_read
                                     14 	.globl _i2c_write_data
                                     15 	.globl _i2c_write_addr_mem
                                     16 	.globl _i2c_write_addr_dev
                                     17 	.globl _i2c_start
                                     18 	.globl _i2c_init
                                     19 ;--------------------------------------------------------
                                     20 ; ram data
                                     21 ;--------------------------------------------------------
                                     22 	.area DATA
                                     23 ;--------------------------------------------------------
                                     24 ; ram data
                                     25 ;--------------------------------------------------------
                                     26 	.area INITIALIZED
                                     27 ;--------------------------------------------------------
                                     28 ; Stack segment in internal ram 
                                     29 ;--------------------------------------------------------
                                     30 	.area	SSEG
      000000                         31 __start__stack:
      000000                         32 	.ds	1
                                     33 
                                     34 ;--------------------------------------------------------
                                     35 ; absolute external ram data
                                     36 ;--------------------------------------------------------
                                     37 	.area DABS (ABS)
                                     38 ;--------------------------------------------------------
                                     39 ; interrupt vector 
                                     40 ;--------------------------------------------------------
                                     41 	.area HOME
      000000                         42 __interrupt_vect:
      000000 82v00u00u00             43 	int s_GSINIT ; reset
                                     44 ;--------------------------------------------------------
                                     45 ; global & static initialisations
                                     46 ;--------------------------------------------------------
                                     47 	.area HOME
                                     48 	.area GSINIT
                                     49 	.area GSFINAL
                                     50 	.area GSINIT
      000000                         51 __sdcc_gs_init_startup:
      000000                         52 __sdcc_init_data:
                                     53 ; stm8_genXINIT() start
      000000 AEr00r00         [ 2]   54 	ldw x, #l_DATA
      000003 27 07            [ 1]   55 	jreq	00002$
      000005                         56 00001$:
      000005 72 4FuFFuFF      [ 1]   57 	clr (s_DATA - 1, x)
      000009 5A               [ 2]   58 	decw x
      00000A 26 F9            [ 1]   59 	jrne	00001$
      00000C                         60 00002$:
      00000C AEr00r00         [ 2]   61 	ldw	x, #l_INITIALIZER
      00000F 27 09            [ 1]   62 	jreq	00004$
      000011                         63 00003$:
      000011 D6uFFuFF         [ 1]   64 	ld	a, (s_INITIALIZER - 1, x)
      000014 D7uFFuFF         [ 1]   65 	ld	(s_INITIALIZED - 1, x), a
      000017 5A               [ 2]   66 	decw	x
      000018 26 F7            [ 1]   67 	jrne	00003$
      00001A                         68 00004$:
                                     69 ; stm8_genXINIT() end
                                     70 	.area GSFINAL
      000000 CCr00r04         [ 2]   71 	jp	__sdcc_program_startup
                                     72 ;--------------------------------------------------------
                                     73 ; Home
                                     74 ;--------------------------------------------------------
                                     75 	.area HOME
                                     76 	.area HOME
      000004                         77 __sdcc_program_startup:
      000004 CCr00rA4         [ 2]   78 	jp	_main
                                     79 ;	return from main will return to caller
                                     80 ;--------------------------------------------------------
                                     81 ; code
                                     82 ;--------------------------------------------------------
                                     83 	.area CODE
                                     84 ;	inc/i2c.h: 29: void i2c_init() {
                                     85 ;	-----------------------------------------
                                     86 ;	 function i2c_init
                                     87 ;	-----------------------------------------
      000000                         88 _i2c_init:
                                     89 ;	inc/i2c.h: 31: cli(I2C_CR1,I2C_CR1_PE);
      000000 72 11 52 10      [ 1]   90 	bres	21008, #0
                                     91 ;	inc/i2c.h: 32: I2C_FREQR = F_MASTER;
      000004 35 10 52 12      [ 1]   92 	mov	0x5212+0, #0x10
                                     93 ;	inc/i2c.h: 38: I2C_CCRH = I2C_CCRH_16MHZ_STD_100;     // 0x00 
      000008 35 00 52 1C      [ 1]   94 	mov	0x521c+0, #0x00
                                     95 ;	inc/i2c.h: 39: I2C_CCRL = I2C_CCRL_16MHZ_STD_100;     // 0x50
      00000C 35 50 52 1B      [ 1]   96 	mov	0x521b+0, #0x50
                                     97 ;	inc/i2c.h: 45: I2C_TRISER = I2C_TRISER_16MHZ_STD_100; // 0x11
      000010 35 0B 52 1D      [ 1]   98 	mov	0x521d+0, #0x0b
                                     99 ;	inc/i2c.h: 46: set(I2C_OARH,I2C_OARH_ADDCONF);          //Must always be written as 1 
      000014 72 1C 52 14      [ 1]  100 	bset	21012, #6
                                    101 ;	inc/i2c.h: 47: cli(I2C_OARH,I2C_OARH_ADDMODE);         // 7-bit slave address
      000018 72 1F 52 14      [ 1]  102 	bres	21012, #7
                                    103 ;	inc/i2c.h: 48: set(I2C_CR1,I2C_CR1_PE);
      00001C 72 10 52 10      [ 1]  104 	bset	21008, #0
                                    105 ;	inc/i2c.h: 50: }
      000020 81               [ 4]  106 	ret
                                    107 ;	inc/i2c.h: 52: void i2c_start() {
                                    108 ;	-----------------------------------------
                                    109 ;	 function i2c_start
                                    110 ;	-----------------------------------------
      000021                        111 _i2c_start:
                                    112 ;	inc/i2c.h: 53: set(I2C_CR2,I2C_CR2_ACK);
      000021 72 14 52 11      [ 1]  113 	bset	21009, #2
                                    114 ;	inc/i2c.h: 54: while(check(I2C_SR3, I2C_SR3_BUSY));
      000025                        115 00101$:
      000025 C6 52 19         [ 1]  116 	ld	a, 0x5219
      000028 A5 02            [ 1]  117 	bcp	a, #0x02
      00002A 26 F9            [ 1]  118 	jrne	00101$
                                    119 ;	inc/i2c.h: 55: set(I2C_CR2,I2C_CR2_START);
      00002C 72 10 52 11      [ 1]  120 	bset	21009, #0
                                    121 ;	inc/i2c.h: 56: while(!check(I2C_SR1, I2C_SR1_SB));
      000030                        122 00104$:
      000030 C6 52 17         [ 1]  123 	ld	a, 0x5217
      000033 44               [ 1]  124 	srl	a
      000034 24 FA            [ 1]  125 	jrnc	00104$
                                    126 ;	inc/i2c.h: 58: }
      000036 81               [ 4]  127 	ret
                                    128 ;	inc/i2c.h: 60: void i2c_write_addr_dev(unsigned char d_addr) {
                                    129 ;	-----------------------------------------
                                    130 ;	 function i2c_write_addr_dev
                                    131 ;	-----------------------------------------
      000037                        132 _i2c_write_addr_dev:
                                    133 ;	inc/i2c.h: 62: I2C_DR = d_addr;
      000037 AE 52 16         [ 2]  134 	ldw	x, #0x5216
      00003A 7B 03            [ 1]  135 	ld	a, (0x03, sp)
      00003C F7               [ 1]  136 	ld	(x), a
                                    137 ;	inc/i2c.h: 63: while (!check(I2C_SR1, I2C_SR1_ADDR));
      00003D                        138 00101$:
      00003D C6 52 17         [ 1]  139 	ld	a, 0x5217
      000040 A5 02            [ 1]  140 	bcp	a, #0x02
      000042 27 F9            [ 1]  141 	jreq	00101$
                                    142 ;	inc/i2c.h: 64: I2C_SR3;
      000044 AE 52 19         [ 2]  143 	ldw	x, #0x5219
      000047 F6               [ 1]  144 	ld	a, (x)
                                    145 ;	inc/i2c.h: 65: }
      000048 81               [ 4]  146 	ret
                                    147 ;	inc/i2c.h: 67: void i2c_write_addr_mem(unsigned char m_addr) {
                                    148 ;	-----------------------------------------
                                    149 ;	 function i2c_write_addr_mem
                                    150 ;	-----------------------------------------
      000049                        151 _i2c_write_addr_mem:
                                    152 ;	inc/i2c.h: 69: I2C_DR = m_addr;
      000049 AE 52 16         [ 2]  153 	ldw	x, #0x5216
      00004C 7B 03            [ 1]  154 	ld	a, (0x03, sp)
      00004E F7               [ 1]  155 	ld	(x), a
                                    156 ;	inc/i2c.h: 70: while (!check(I2C_SR1, I2C_SR1_TXE));
      00004F                        157 00101$:
      00004F C6 52 17         [ 1]  158 	ld	a, 0x5217
      000052 4D               [ 1]  159 	tnz	a
      000053 2A FA            [ 1]  160 	jrpl	00101$
                                    161 ;	inc/i2c.h: 71: I2C_SR3;
      000055 AE 52 19         [ 2]  162 	ldw	x, #0x5219
      000058 F6               [ 1]  163 	ld	a, (x)
                                    164 ;	inc/i2c.h: 72: }
      000059 81               [ 4]  165 	ret
                                    166 ;	inc/i2c.h: 74: void i2c_write_data(unsigned char data) {
                                    167 ;	-----------------------------------------
                                    168 ;	 function i2c_write_data
                                    169 ;	-----------------------------------------
      00005A                        170 _i2c_write_data:
                                    171 ;	inc/i2c.h: 76: I2C_DR = data;
      00005A AE 52 16         [ 2]  172 	ldw	x, #0x5216
      00005D 7B 03            [ 1]  173 	ld	a, (0x03, sp)
      00005F F7               [ 1]  174 	ld	(x), a
                                    175 ;	inc/i2c.h: 77: while (!check(I2C_SR1, I2C_SR1_TXE));
      000060                        176 00101$:
      000060 C6 52 17         [ 1]  177 	ld	a, 0x5217
      000063 4D               [ 1]  178 	tnz	a
      000064 2A FA            [ 1]  179 	jrpl	00101$
                                    180 ;	inc/i2c.h: 78: I2C_SR3;
      000066 AE 52 19         [ 2]  181 	ldw	x, #0x5219
      000069 F6               [ 1]  182 	ld	a, (x)
                                    183 ;	inc/i2c.h: 79: }
      00006A 81               [ 4]  184 	ret
                                    185 ;	inc/i2c.h: 81: unsigned char i2c_read(unsigned char addr) {
                                    186 ;	-----------------------------------------
                                    187 ;	 function i2c_read
                                    188 ;	-----------------------------------------
      00006B                        189 _i2c_read:
                                    190 ;	inc/i2c.h: 83: set(I2C_CR2,I2C_CR2_START);
      00006B 72 10 52 11      [ 1]  191 	bset	21009, #0
                                    192 ;	inc/i2c.h: 84: while(!check(I2C_SR1, I2C_SR1_SB));
      00006F                        193 00101$:
      00006F C6 52 17         [ 1]  194 	ld	a, 0x5217
      000072 44               [ 1]  195 	srl	a
      000073 24 FA            [ 1]  196 	jrnc	00101$
                                    197 ;	inc/i2c.h: 87: I2C_DR = addr+1;
      000075 7B 03            [ 1]  198 	ld	a, (0x03, sp)
      000077 4C               [ 1]  199 	inc	a
      000078 C7 52 16         [ 1]  200 	ld	0x5216, a
                                    201 ;	inc/i2c.h: 88: while (!check(I2C_SR1,I2C_SR1_ADDR));
      00007B                        202 00104$:
      00007B C6 52 17         [ 1]  203 	ld	a, 0x5217
      00007E A5 02            [ 1]  204 	bcp	a, #0x02
      000080 27 F9            [ 1]  205 	jreq	00104$
                                    206 ;	inc/i2c.h: 89: I2C_SR3;
      000082 AE 52 19         [ 2]  207 	ldw	x, #0x5219
      000085 F6               [ 1]  208 	ld	a, (x)
                                    209 ;	inc/i2c.h: 91: cli(I2C_CR2,I2C_CR2_ACK);
      000086 72 15 52 11      [ 1]  210 	bres	21009, #2
                                    211 ;	inc/i2c.h: 92: set(I2C_CR2,I2C_CR2_STOP);
      00008A 72 12 52 11      [ 1]  212 	bset	21009, #1
                                    213 ;	inc/i2c.h: 94: while (!check(I2C_SR1,I2C_SR1_RXNE));
      00008E                        214 00107$:
      00008E C6 52 17         [ 1]  215 	ld	a, 0x5217
      000091 A5 40            [ 1]  216 	bcp	a, #0x40
      000093 27 F9            [ 1]  217 	jreq	00107$
                                    218 ;	inc/i2c.h: 95: return I2C_DR;
      000095 C6 52 16         [ 1]  219 	ld	a, 0x5216
                                    220 ;	inc/i2c.h: 96: }
      000098 81               [ 4]  221 	ret
                                    222 ;	inc/i2c.h: 98: void i2c_stop() {
                                    223 ;	-----------------------------------------
                                    224 ;	 function i2c_stop
                                    225 ;	-----------------------------------------
      000099                        226 _i2c_stop:
                                    227 ;	inc/i2c.h: 99: set(I2C_CR2,I2C_CR2_STOP);
      000099 72 12 52 11      [ 1]  228 	bset	21009, #1
                                    229 ;	inc/i2c.h: 100: while (check(I2C_SR3,I2C_SR3_MSL));
      00009D                        230 00101$:
      00009D C6 52 19         [ 1]  231 	ld	a, 0x5219
      0000A0 44               [ 1]  232 	srl	a
      0000A1 25 FA            [ 1]  233 	jrc	00101$
                                    234 ;	inc/i2c.h: 101: }
      0000A3 81               [ 4]  235 	ret
                                    236 ;	main.c: 7: void main(void){
                                    237 ;	-----------------------------------------
                                    238 ;	 function main
                                    239 ;	-----------------------------------------
      0000A4                        240 _main:
                                    241 ;	main.c: 9: CLK_ICKR = 0; // Сбрасываем регистр внутреннего тактирования
      0000A4 35 00 50 C0      [ 1]  242 	mov	0x50c0+0, #0x00
                                    243 ;	main.c: 10: CLK_ICKR|=(1<<0); // Включаем внутренний генератор HSI
      0000A8 72 10 50 C0      [ 1]  244 	bset	20672, #0
                                    245 ;	main.c: 11: CLK_ECKR = 0; // Отключаем внешний генератор
      0000AC 35 00 50 C1      [ 1]  246 	mov	0x50c1+0, #0x00
                                    247 ;	main.c: 12: while ((CLK_ICKR&(1<<1))== 0); // Ждём стабилизации внутреннего генератора
      0000B0                        248 00101$:
      0000B0 C6 50 C0         [ 1]  249 	ld	a, 0x50c0
      0000B3 A5 02            [ 1]  250 	bcp	a, #0x02
      0000B5 27 F9            [ 1]  251 	jreq	00101$
                                    252 ;	main.c: 13: CLK_CKDIVR = 0; // Устанавливаем максимальную частоту
      0000B7 35 00 50 C6      [ 1]  253 	mov	0x50c6+0, #0x00
                                    254 ;	main.c: 14: CLK_CCOR = 0; // Выключаем CCO.
      0000BB 35 00 50 C9      [ 1]  255 	mov	0x50c9+0, #0x00
                                    256 ;	main.c: 15: CLK_HSITRIMR = 0; // Turn off any HSIU trimming.
      0000BF 35 00 50 CC      [ 1]  257 	mov	0x50cc+0, #0x00
                                    258 ;	main.c: 16: CLK_SWIMCCR = 0; // Set SWIM to run at clock / 2.
      0000C3 35 00 50 CD      [ 1]  259 	mov	0x50cd+0, #0x00
                                    260 ;	main.c: 17: CLK_SWR = 0xe1; // Используем HSI в качестве источника тактиров
      0000C7 35 E1 50 C4      [ 1]  261 	mov	0x50c4+0, #0xe1
                                    262 ;	main.c: 18: CLK_SWCR = 0; // Сброс флага переключения генераторов
      0000CB 35 00 50 C5      [ 1]  263 	mov	0x50c5+0, #0x00
                                    264 ;	main.c: 19: CLK_SWCR = (1<<1); // Включаем переключение на HSI
      0000CF 35 02 50 C5      [ 1]  265 	mov	0x50c5+0, #0x02
                                    266 ;	main.c: 20: while ((CLK_SWCR&(1<<0)) != 0); // Пауза, пока произойдёт переключение(CLK_SWCR_SWBSY != 0)
      0000D3                        267 00104$:
      0000D3 C6 50 C5         [ 1]  268 	ld	a, 0x50c5
      0000D6 44               [ 1]  269 	srl	a
      0000D7 25 FA            [ 1]  270 	jrc	00104$
                                    271 ;	main.c: 21: PC_DDR=0xFF;
      0000D9 35 FF 50 0C      [ 1]  272 	mov	0x500c+0, #0xff
                                    273 ;	main.c: 22: PC_CR1=0xFF;
      0000DD 35 FF 50 0D      [ 1]  274 	mov	0x500d+0, #0xff
                                    275 ;	main.c: 23: PC_ODR=0x00;
      0000E1 35 00 50 0A      [ 1]  276 	mov	0x500a+0, #0x00
                                    277 ;	main.c: 24: i2c_init();
      0000E5 CDr00r00         [ 4]  278 	call	_i2c_init
                                    279 ;	main.c: 26: while(1){
      0000E8                        280 00111$:
                                    281 ;	main.c: 27: i2c_start();    
      0000E8 CDr00r21         [ 4]  282 	call	_i2c_start
                                    283 ;	main.c: 28: i2c_write_addr_dev(0xA0);
      0000EB 4B A0            [ 1]  284 	push	#0xa0
      0000ED CDr00r37         [ 4]  285 	call	_i2c_write_addr_dev
      0000F0 84               [ 1]  286 	pop	a
                                    287 ;	main.c: 29: i2c_write_addr_mem(0x01);
      0000F1 4B 01            [ 1]  288 	push	#0x01
      0000F3 CDr00r49         [ 4]  289 	call	_i2c_write_addr_mem
      0000F6 84               [ 1]  290 	pop	a
                                    291 ;	main.c: 30: i2c_write_data(0xcc);
      0000F7 4B CC            [ 1]  292 	push	#0xcc
      0000F9 CDr00r5A         [ 4]  293 	call	_i2c_write_data
      0000FC 84               [ 1]  294 	pop	a
                                    295 ;	main.c: 31: i2c_stop();
      0000FD CDr00r99         [ 4]  296 	call	_i2c_stop
                                    297 ;	main.c: 33: while(t--);
      000100 AE 13 88         [ 2]  298 	ldw	x, #0x1388
      000103                        299 00107$:
      000103 90 93            [ 1]  300 	ldw	y, x
      000105 5A               [ 2]  301 	decw	x
      000106 90 5D            [ 2]  302 	tnzw	y
      000108 26 F9            [ 1]  303 	jrne	00107$
                                    304 ;	main.c: 34: i2c_start();
      00010A CDr00r21         [ 4]  305 	call	_i2c_start
                                    306 ;	main.c: 35: i2c_write_addr_dev(0xA0);
      00010D 4B A0            [ 1]  307 	push	#0xa0
      00010F CDr00r37         [ 4]  308 	call	_i2c_write_addr_dev
      000112 84               [ 1]  309 	pop	a
                                    310 ;	main.c: 36: i2c_write_addr_mem(0x01);
      000113 4B 01            [ 1]  311 	push	#0x01
      000115 CDr00r49         [ 4]  312 	call	_i2c_write_addr_mem
      000118 84               [ 1]  313 	pop	a
                                    314 ;	main.c: 37: data=i2c_read(0xA0);
      000119 4B A0            [ 1]  315 	push	#0xa0
      00011B CDr00r6B         [ 4]  316 	call	_i2c_read
      00011E 5B 01            [ 2]  317 	addw	sp, #1
      000120 41               [ 1]  318 	exg	a, xl
      000121 4F               [ 1]  319 	clr	a
      000122 41               [ 1]  320 	exg	a, xl
                                    321 ;	main.c: 38: PC_ODR=data;
      000123 C7 50 0A         [ 1]  322 	ld	0x500a, a
      000126 20 C0            [ 2]  323 	jra	00111$
                                    324 ;	main.c: 42: }
      000128 81               [ 4]  325 	ret
                                    326 	.area CODE
                                    327 	.area INITIALIZER
                                    328 	.area CABS (ABS)
