                                      1 ;--------------------------------------------------------
                                      2 ; File Created by SDCC : free open source ANSI-C Compiler
                                      3 ; Version 3.6.4 #9794 (Linux)
                                      4 ;--------------------------------------------------------
                                      5 	.module main
                                      6 	.optsdcc -mstm8
                                      7 	
                                      8 ;--------------------------------------------------------
                                      9 ; Public variables in this module
                                     10 ;--------------------------------------------------------
                                     11 	.globl _main
                                     12 	.globl _delay
                                     13 	.globl _out7seg
                                     14 	.globl _ADC_read
                                     15 	.globl _ADC_INIT
                                     16 	.globl _GPIO_init
                                     17 	.globl _clk_init
                                     18 ;--------------------------------------------------------
                                     19 ; ram data
                                     20 ;--------------------------------------------------------
                                     21 	.area DATA
                                     22 ;--------------------------------------------------------
                                     23 ; ram data
                                     24 ;--------------------------------------------------------
                                     25 	.area INITIALIZED
                                     26 ;--------------------------------------------------------
                                     27 ; Stack segment in internal ram 
                                     28 ;--------------------------------------------------------
                                     29 	.area	SSEG
      000000                         30 __start__stack:
      000000                         31 	.ds	1
                                     32 
                                     33 ;--------------------------------------------------------
                                     34 ; absolute external ram data
                                     35 ;--------------------------------------------------------
                                     36 	.area DABS (ABS)
                                     37 ;--------------------------------------------------------
                                     38 ; interrupt vector 
                                     39 ;--------------------------------------------------------
                                     40 	.area HOME
      000000                         41 __interrupt_vect:
      000000 82v00u00u00             42 	int s_GSINIT ;reset
      000004 82 00 00 00             43 	int 0x0000 ;trap
      000008 82 00 00 00             44 	int 0x0000 ;int0
      00000C 82 00 00 00             45 	int 0x0000 ;int1
      000010 82 00 00 00             46 	int 0x0000 ;int2
      000014 82 00 00 00             47 	int 0x0000 ;int3
      000018 82 00 00 00             48 	int 0x0000 ;int4
      00001C 82 00 00 00             49 	int 0x0000 ;int5
      000020 82 00 00 00             50 	int 0x0000 ;int6
      000024 82 00 00 00             51 	int 0x0000 ;int7
      000028 82 00 00 00             52 	int 0x0000 ;int8
      00002C 82 00 00 00             53 	int 0x0000 ;int9
      000030 82 00 00 00             54 	int 0x0000 ;int10
      000034 82 00 00 00             55 	int 0x0000 ;int11
      000038 82 00 00 00             56 	int 0x0000 ;int12
      00003C 82 00 00 00             57 	int 0x0000 ;int13
      000040 82 00 00 00             58 	int 0x0000 ;int14
      000044 82 00 00 00             59 	int 0x0000 ;int15
      000048 82 00 00 00             60 	int 0x0000 ;int16
      00004C 82 00 00 00             61 	int 0x0000 ;int17
      000050 82 00 00 00             62 	int 0x0000 ;int18
      000054 82 00 00 00             63 	int 0x0000 ;int19
      000058 82 00 00 00             64 	int 0x0000 ;int20
      00005C 82 00 00 00             65 	int 0x0000 ;int21
      000060 82 00 00 00             66 	int 0x0000 ;int22
      000064 82 00 00 00             67 	int 0x0000 ;int23
      000068 82 00 00 00             68 	int 0x0000 ;int24
      00006C 82 00 00 00             69 	int 0x0000 ;int25
      000070 82 00 00 00             70 	int 0x0000 ;int26
      000074 82 00 00 00             71 	int 0x0000 ;int27
      000078 82 00 00 00             72 	int 0x0000 ;int28
      00007C 82 00 00 00             73 	int 0x0000 ;int29
                                     74 ;--------------------------------------------------------
                                     75 ; global & static initialisations
                                     76 ;--------------------------------------------------------
                                     77 	.area HOME
                                     78 	.area GSINIT
                                     79 	.area GSFINAL
                                     80 	.area GSINIT
      000000                         81 __sdcc_gs_init_startup:
      000000                         82 __sdcc_init_data:
                                     83 ; stm8_genXINIT() start
      000000 AEr00r00         [ 2]   84 	ldw x, #l_DATA
      000003 27 07            [ 1]   85 	jreq	00002$
      000005                         86 00001$:
      000005 72 4FuFFuFF      [ 1]   87 	clr (s_DATA - 1, x)
      000009 5A               [ 2]   88 	decw x
      00000A 26 F9            [ 1]   89 	jrne	00001$
      00000C                         90 00002$:
      00000C AEr00r00         [ 2]   91 	ldw	x, #l_INITIALIZER
      00000F 27 09            [ 1]   92 	jreq	00004$
      000011                         93 00003$:
      000011 D6uFFuFF         [ 1]   94 	ld	a, (s_INITIALIZER - 1, x)
      000014 D7uFFuFF         [ 1]   95 	ld	(s_INITIALIZED - 1, x), a
      000017 5A               [ 2]   96 	decw	x
      000018 26 F7            [ 1]   97 	jrne	00003$
      00001A                         98 00004$:
                                     99 ; stm8_genXINIT() end
                                    100 	.area GSFINAL
      000000 CCr00r80         [ 2]  101 	jp	__sdcc_program_startup
                                    102 ;--------------------------------------------------------
                                    103 ; Home
                                    104 ;--------------------------------------------------------
                                    105 	.area HOME
                                    106 	.area HOME
      000080                        107 __sdcc_program_startup:
      000080 CCr02rE6         [ 2]  108 	jp	_main
                                    109 ;	return from main will return to caller
                                    110 ;--------------------------------------------------------
                                    111 ; code
                                    112 ;--------------------------------------------------------
                                    113 	.area CODE
                                    114 ;	inc/clk_init.h: 7: void clk_init(void){    
                                    115 ;	-----------------------------------------
                                    116 ;	 function clk_init
                                    117 ;	-----------------------------------------
      000000                        118 _clk_init:
                                    119 ;	inc/clk_init.h: 8: CLK_ECKR|=CLK_ECKR_HSEEN;            
      000000 72 10 50 C1      [ 1]  120 	bset	0x50c1, #0
                                    121 ;	inc/clk_init.h: 9: CLK_SWCR|=CLK_SWCR_SWEN;               
      000004 AE 50 C5         [ 2]  122 	ldw	x, #0x50c5
      000007 F6               [ 1]  123 	ld	a, (x)
      000008 AA 02            [ 1]  124 	or	a, #0x02
      00000A F7               [ 1]  125 	ld	(x), a
                                    126 ;	inc/clk_init.h: 10: while((CLK_ECKR & CLK_ECKR_HSERDY) == 0) {} 
      00000B                        127 00101$:
      00000B AE 50 C1         [ 2]  128 	ldw	x, #0x50c1
      00000E F6               [ 1]  129 	ld	a, (x)
      00000F A5 02            [ 1]  130 	bcp	a, #0x02
      000011 27 F8            [ 1]  131 	jreq	00101$
                                    132 ;	inc/clk_init.h: 11: CLK_CKDIVR = 0;                    
      000013 35 00 50 C6      [ 1]  133 	mov	0x50c6+0, #0x00
                                    134 ;	inc/clk_init.h: 12: CLK_SWR = 0xB4;                    
      000017 35 B4 50 C4      [ 1]  135 	mov	0x50c4+0, #0xb4
                                    136 ;	inc/clk_init.h: 13: while ((CLK_SWCR & CLK_SWCR_SWIF) == 0){}
      00001B                        137 00104$:
      00001B AE 50 C5         [ 2]  138 	ldw	x, #0x50c5
      00001E F6               [ 1]  139 	ld	a, (x)
      00001F A5 08            [ 1]  140 	bcp	a, #0x08
      000021 27 F8            [ 1]  141 	jreq	00104$
                                    142 ;	inc/clk_init.h: 14: CLK_CSSR|=CLK_CSSR_CSSEN;
      000023 72 10 50 C8      [ 1]  143 	bset	0x50c8, #0
      000027 81               [ 4]  144 	ret
                                    145 ;	inc/gpio_init.h: 2: void GPIO_init(void)
                                    146 ;	-----------------------------------------
                                    147 ;	 function GPIO_init
                                    148 ;	-----------------------------------------
      000028                        149 _GPIO_init:
                                    150 ;	inc/gpio_init.h: 5: PA_DDR = 0xFF;                                                        //_______PORT_IN
      000028 35 FF 50 02      [ 1]  151 	mov	0x5002+0, #0xff
                                    152 ;	inc/gpio_init.h: 6: PA_CR1 = 0xFF;                                                       //_______DDR________________CR1______________CR2___________FUNCTION  
      00002C 35 FF 50 03      [ 1]  153 	mov	0x5003+0, #0xff
                                    154 ;	inc/gpio_init.h: 7: PA_CR2 = 0x00;                                                      //_______0__________________0________________0_____________bez podtiyzhki,bez prerbIvanii 
      000030 35 00 50 04      [ 1]  155 	mov	0x5004+0, #0x00
                                    156 ;	inc/gpio_init.h: 9: PB_DDR = 0x00;                                                        //_______0__________________0________________1_____________bez podtiyzhki,c prerbIvaniem 
      000034 35 00 50 07      [ 1]  157 	mov	0x5007+0, #0x00
                                    158 ;	inc/gpio_init.h: 10: PB_CR1 = 0x00;                                                       //_______0__________________1________________1_____________c podtiyzhki,c prerbIvanii
      000038 35 00 50 08      [ 1]  159 	mov	0x5008+0, #0x00
                                    160 ;	inc/gpio_init.h: 11: PB_CR2 = 0x00;                                                      //_______PORT_OUT
      00003C 35 00 50 09      [ 1]  161 	mov	0x5009+0, #0x00
                                    162 ;	inc/gpio_init.h: 13: PC_DDR = 0xFF;                                                        //_______1__________________0________________0_____________otkritiy stok
      000040 35 FF 50 0C      [ 1]  163 	mov	0x500c+0, #0xff
                                    164 ;	inc/gpio_init.h: 14: PC_CR1 = 0xFF;                                                       //_______1__________________1________________0_____________dvuhtakthiy vihod
      000044 35 FF 50 0D      [ 1]  165 	mov	0x500d+0, #0xff
                                    166 ;	inc/gpio_init.h: 15: PC_CR2 = 0x00;                                                      //_______1__________________X________________1_____________skorost' do 10MHz
      000048 35 00 50 0E      [ 1]  167 	mov	0x500e+0, #0x00
                                    168 ;	inc/gpio_init.h: 17: PD_DDR = 0x3F;   
      00004C 35 3F 50 11      [ 1]  169 	mov	0x5011+0, #0x3f
                                    170 ;	inc/gpio_init.h: 18: PD_CR1 = 0xFF;  
      000050 35 FF 50 12      [ 1]  171 	mov	0x5012+0, #0xff
                                    172 ;	inc/gpio_init.h: 19: PD_CR2 = 0x00; 
      000054 35 00 50 13      [ 1]  173 	mov	0x5013+0, #0x00
                                    174 ;	inc/gpio_init.h: 21: PE_DDR = 0xFF;   
      000058 35 FF 50 16      [ 1]  175 	mov	0x5016+0, #0xff
                                    176 ;	inc/gpio_init.h: 22: PE_CR1 = 0xFF;  
      00005C 35 FF 50 17      [ 1]  177 	mov	0x5017+0, #0xff
                                    178 ;	inc/gpio_init.h: 23: PE_CR2 = 0x00; 
      000060 35 00 50 18      [ 1]  179 	mov	0x5018+0, #0x00
                                    180 ;	inc/gpio_init.h: 25: PF_DDR = 0xFF;   
      000064 35 FF 50 1B      [ 1]  181 	mov	0x501b+0, #0xff
                                    182 ;	inc/gpio_init.h: 26: PF_CR1 = 0xFF;  
      000068 35 FF 50 1C      [ 1]  183 	mov	0x501c+0, #0xff
                                    184 ;	inc/gpio_init.h: 27: PF_CR2 = 0x00; 
      00006C 35 00 50 1D      [ 1]  185 	mov	0x501d+0, #0x00
                                    186 ;	inc/gpio_init.h: 29: PG_DDR = 0xFF;   
      000070 35 FF 50 20      [ 1]  187 	mov	0x5020+0, #0xff
                                    188 ;	inc/gpio_init.h: 30: PG_CR1 = 0xFF;  
      000074 35 FF 50 21      [ 1]  189 	mov	0x5021+0, #0xff
                                    190 ;	inc/gpio_init.h: 31: PG_CR2 = 0x00; 
      000078 35 00 50 22      [ 1]  191 	mov	0x5022+0, #0x00
      00007C 81               [ 4]  192 	ret
                                    193 ;	inc/ADC.h: 51: void ADC_INIT(void){
                                    194 ;	-----------------------------------------
                                    195 ;	 function ADC_INIT
                                    196 ;	-----------------------------------------
      00007D                        197 _ADC_INIT:
                                    198 ;	inc/ADC.h: 52: ADC_CSR_CH0;           //Выбераем канал
      00007D AE 54 00         [ 2]  199 	ldw	x, #0x5400
      000080 F6               [ 1]  200 	ld	a, (x)
      000081 A4 F0            [ 1]  201 	and	a, #0xf0
      000083 F7               [ 1]  202 	ld	(x), a
                                    203 ;	inc/ADC.h: 53: ADC_CR1_SPSEL8;  //Делитель на 18            
      000084 AE 54 01         [ 2]  204 	ldw	x, #0x5401
      000087 F6               [ 1]  205 	ld	a, (x)
      000088 AA 40            [ 1]  206 	or	a, #0x40
      00008A F7               [ 1]  207 	ld	(x), a
                                    208 ;	inc/ADC.h: 54: ADC_TDRL_DIS(0);       //Отключаем тригер Шмидта
      00008B 72 10 54 07      [ 1]  209 	bset	0x5407, #0
                                    210 ;	inc/ADC.h: 55: ADC_CR2_ALIGN_LEFT;    //Выравнивание по левому краю
      00008F AE 54 02         [ 2]  211 	ldw	x, #0x5402
      000092 F6               [ 1]  212 	ld	a, (x)
      000093 A4 F7            [ 1]  213 	and	a, #0xf7
      000095 F7               [ 1]  214 	ld	(x), a
                                    215 ;	inc/ADC.h: 56: ADC_CR1_ADON_ON;       //Первый запуск ADC
      000096 72 10 54 01      [ 1]  216 	bset	0x5401, #0
      00009A 81               [ 4]  217 	ret
                                    218 ;	inc/ADC.h: 58: int ADC_read(void){
                                    219 ;	-----------------------------------------
                                    220 ;	 function ADC_read
                                    221 ;	-----------------------------------------
      00009B                        222 _ADC_read:
      00009B 52 04            [ 2]  223 	sub	sp, #4
                                    224 ;	inc/ADC.h: 60: ADC_CR1_ADON_ON;
      00009D AE 54 01         [ 2]  225 	ldw	x, #0x5401
      0000A0 F6               [ 1]  226 	ld	a, (x)
      0000A1 AA 01            [ 1]  227 	or	a, #0x01
      0000A3 F7               [ 1]  228 	ld	(x), a
                                    229 ;	inc/ADC.h: 61: for(t=0;t<64;t++){
      0000A4 AE 00 40         [ 2]  230 	ldw	x, #0x0040
      0000A7                        231 00104$:
                                    232 ;	inc/ADC.h: 62: __asm__("nop\n");
      0000A7 9D               [ 1]  233 	nop
      0000A8 5A               [ 2]  234 	decw	x
                                    235 ;	inc/ADC.h: 61: for(t=0;t<64;t++){
      0000A9 1F 03            [ 2]  236 	ldw	(0x03, sp), x
      0000AB 90 93            [ 1]  237 	ldw	y, x
      0000AD 26 F8            [ 1]  238 	jrne	00104$
                                    239 ;	inc/ADC.h: 64: data=ADC_DRH<<2;
      0000AF AE 54 04         [ 2]  240 	ldw	x, #0x5404
      0000B2 F6               [ 1]  241 	ld	a, (x)
      0000B3 5F               [ 1]  242 	clrw	x
      0000B4 97               [ 1]  243 	ld	xl, a
      0000B5 58               [ 2]  244 	sllw	x
      0000B6 58               [ 2]  245 	sllw	x
      0000B7 1F 01            [ 2]  246 	ldw	(0x01, sp), x
                                    247 ;	inc/ADC.h: 65: data=data+ADC_DRL;
      0000B9 AE 54 05         [ 2]  248 	ldw	x, #0x5405
      0000BC F6               [ 1]  249 	ld	a, (x)
      0000BD 5F               [ 1]  250 	clrw	x
      0000BE 97               [ 1]  251 	ld	xl, a
      0000BF 72 FB 01         [ 2]  252 	addw	x, (0x01, sp)
                                    253 ;	inc/ADC.h: 67: return data;
      0000C2 5B 04            [ 2]  254 	addw	sp, #4
      0000C4 81               [ 4]  255 	ret
                                    256 ;	inc/7sig.h: 11: void out7seg(volatile int t,volatile int q)
                                    257 ;	-----------------------------------------
                                    258 ;	 function out7seg
                                    259 ;	-----------------------------------------
      0000C5                        260 _out7seg:
      0000C5 52 02            [ 2]  261 	sub	sp, #2
                                    262 ;	inc/7sig.h: 13: int num=0;
      0000C7 5F               [ 1]  263 	clrw	x
      0000C8 1F 01            [ 2]  264 	ldw	(0x01, sp), x
                                    265 ;	inc/7sig.h: 14: PC_ODR=0xff;
      0000CA 35 FF 50 0A      [ 1]  266 	mov	0x500a+0, #0xff
                                    267 ;	inc/7sig.h: 15: PE_ODR|=(1<<0)|(1<<1)|(1<<2);
      0000CE AE 50 14         [ 2]  268 	ldw	x, #0x5014
      0000D1 F6               [ 1]  269 	ld	a, (x)
      0000D2 AA 07            [ 1]  270 	or	a, #0x07
      0000D4 F7               [ 1]  271 	ld	(x), a
                                    272 ;	inc/7sig.h: 17: if(q==0) num=(t%1000/100),PD_ODR&=~(1<<1);
      0000D5 1E 07            [ 2]  273 	ldw	x, (0x07, sp)
      0000D7 26 1F            [ 1]  274 	jrne	00102$
      0000D9 4B E8            [ 1]  275 	push	#0xe8
      0000DB 4B 03            [ 1]  276 	push	#0x03
      0000DD 1E 07            [ 2]  277 	ldw	x, (0x07, sp)
      0000DF 89               [ 2]  278 	pushw	x
      0000E0 CDr00r00         [ 4]  279 	call	__modsint
      0000E3 5B 04            [ 2]  280 	addw	sp, #4
      0000E5 4B 64            [ 1]  281 	push	#0x64
      0000E7 4B 00            [ 1]  282 	push	#0x00
      0000E9 89               [ 2]  283 	pushw	x
      0000EA CDr00r00         [ 4]  284 	call	__divsint
      0000ED 5B 04            [ 2]  285 	addw	sp, #4
      0000EF 1F 01            [ 2]  286 	ldw	(0x01, sp), x
      0000F1 AE 50 0F         [ 2]  287 	ldw	x, #0x500f
      0000F4 F6               [ 1]  288 	ld	a, (x)
      0000F5 A4 FD            [ 1]  289 	and	a, #0xfd
      0000F7 F7               [ 1]  290 	ld	(x), a
      0000F8                        291 00102$:
                                    292 ;	inc/7sig.h: 18: if(q==1) num=(t%100/10),PD_ODR&=~(1<<2);
      0000F8 1E 07            [ 2]  293 	ldw	x, (0x07, sp)
      0000FA A3 00 01         [ 2]  294 	cpw	x, #0x0001
      0000FD 26 1F            [ 1]  295 	jrne	00104$
      0000FF 4B 64            [ 1]  296 	push	#0x64
      000101 4B 00            [ 1]  297 	push	#0x00
      000103 1E 07            [ 2]  298 	ldw	x, (0x07, sp)
      000105 89               [ 2]  299 	pushw	x
      000106 CDr00r00         [ 4]  300 	call	__modsint
      000109 5B 04            [ 2]  301 	addw	sp, #4
      00010B 4B 0A            [ 1]  302 	push	#0x0a
      00010D 4B 00            [ 1]  303 	push	#0x00
      00010F 89               [ 2]  304 	pushw	x
      000110 CDr00r00         [ 4]  305 	call	__divsint
      000113 5B 04            [ 2]  306 	addw	sp, #4
      000115 1F 01            [ 2]  307 	ldw	(0x01, sp), x
      000117 AE 50 0F         [ 2]  308 	ldw	x, #0x500f
      00011A F6               [ 1]  309 	ld	a, (x)
      00011B A4 FB            [ 1]  310 	and	a, #0xfb
      00011D F7               [ 1]  311 	ld	(x), a
      00011E                        312 00104$:
                                    313 ;	inc/7sig.h: 19: if(q==2) num=(t%10),PD_ODR&=~(1<<0);
      00011E 1E 07            [ 2]  314 	ldw	x, (0x07, sp)
      000120 A3 00 02         [ 2]  315 	cpw	x, #0x0002
      000123 26 15            [ 1]  316 	jrne	00106$
      000125 4B 0A            [ 1]  317 	push	#0x0a
      000127 4B 00            [ 1]  318 	push	#0x00
      000129 1E 07            [ 2]  319 	ldw	x, (0x07, sp)
      00012B 89               [ 2]  320 	pushw	x
      00012C CDr00r00         [ 4]  321 	call	__modsint
      00012F 5B 04            [ 2]  322 	addw	sp, #4
      000131 1F 01            [ 2]  323 	ldw	(0x01, sp), x
      000133 AE 50 0F         [ 2]  324 	ldw	x, #0x500f
      000136 F6               [ 1]  325 	ld	a, (x)
      000137 A4 FE            [ 1]  326 	and	a, #0xfe
      000139 F7               [ 1]  327 	ld	(x), a
      00013A                        328 00106$:
                                    329 ;	inc/7sig.h: 20: switch (num)
      00013A 0D 01            [ 1]  330 	tnz	(0x01, sp)
      00013C 2A 03            [ 1]  331 	jrpl	00148$
      00013E CCr02rC6         [ 2]  332 	jp	00119$
      000141                        333 00148$:
      000141 1E 01            [ 2]  334 	ldw	x, (0x01, sp)
      000143 A3 00 09         [ 2]  335 	cpw	x, #0x0009
      000146 2D 03            [ 1]  336 	jrsle	00149$
      000148 CCr02rC6         [ 2]  337 	jp	00119$
      00014B                        338 00149$:
      00014B 1E 01            [ 2]  339 	ldw	x, (0x01, sp)
      00014D 58               [ 2]  340 	sllw	x
      00014E DEu01u52         [ 2]  341 	ldw	x, (#00150$, x)
      000151 FC               [ 2]  342 	jp	(x)
      000152                        343 00150$:
      000152r01r66                  344 	.dw	#00107$
      000154r01r93                  345 	.dw	#00108$
      000156r01rA4                  346 	.dw	#00109$
      000158r01rCA                  347 	.dw	#00110$
      00015Ar01rF0                  348 	.dw	#00111$
      00015Cr02r0C                  349 	.dw	#00112$
      00015Er02r2F                  350 	.dw	#00113$
      000160r02r58                  351 	.dw	#00114$
      000162r02r6F                  352 	.dw	#00115$
      000164r02r9F                  353 	.dw	#00116$
                                    354 ;	inc/7sig.h: 22: case 0:   
      000166                        355 00107$:
                                    356 ;	inc/7sig.h: 23: segA,segB,segC,segD,segE,segF;
      000166 AE 50 0A         [ 2]  357 	ldw	x, #0x500a
      000169 F6               [ 1]  358 	ld	a, (x)
      00016A A4 FD            [ 1]  359 	and	a, #0xfd
      00016C F7               [ 1]  360 	ld	(x), a
      00016D AE 50 0A         [ 2]  361 	ldw	x, #0x500a
      000170 F6               [ 1]  362 	ld	a, (x)
      000171 A4 FB            [ 1]  363 	and	a, #0xfb
      000173 F7               [ 1]  364 	ld	(x), a
      000174 AE 50 0A         [ 2]  365 	ldw	x, #0x500a
      000177 F6               [ 1]  366 	ld	a, (x)
      000178 A4 F7            [ 1]  367 	and	a, #0xf7
      00017A F7               [ 1]  368 	ld	(x), a
      00017B AE 50 0A         [ 2]  369 	ldw	x, #0x500a
      00017E F6               [ 1]  370 	ld	a, (x)
      00017F A4 DF            [ 1]  371 	and	a, #0xdf
      000181 F7               [ 1]  372 	ld	(x), a
      000182 AE 50 1E         [ 2]  373 	ldw	x, #0x501e
      000185 F6               [ 1]  374 	ld	a, (x)
      000186 A4 EF            [ 1]  375 	and	a, #0xef
      000188 F7               [ 1]  376 	ld	(x), a
      000189 AE 50 0A         [ 2]  377 	ldw	x, #0x500a
      00018C F6               [ 1]  378 	ld	a, (x)
      00018D A4 7F            [ 1]  379 	and	a, #0x7f
      00018F F7               [ 1]  380 	ld	(x), a
                                    381 ;	inc/7sig.h: 24: break;
      000190 CCr02rC6         [ 2]  382 	jp	00119$
                                    383 ;	inc/7sig.h: 25: case 1:   
      000193                        384 00108$:
                                    385 ;	inc/7sig.h: 26: segB,segC;
      000193 AE 50 0A         [ 2]  386 	ldw	x, #0x500a
      000196 F6               [ 1]  387 	ld	a, (x)
      000197 A4 FB            [ 1]  388 	and	a, #0xfb
      000199 F7               [ 1]  389 	ld	(x), a
      00019A AE 50 0A         [ 2]  390 	ldw	x, #0x500a
      00019D F6               [ 1]  391 	ld	a, (x)
      00019E A4 F7            [ 1]  392 	and	a, #0xf7
      0001A0 F7               [ 1]  393 	ld	(x), a
                                    394 ;	inc/7sig.h: 27: break;
      0001A1 CCr02rC6         [ 2]  395 	jp	00119$
                                    396 ;	inc/7sig.h: 28: case 2:   
      0001A4                        397 00109$:
                                    398 ;	inc/7sig.h: 29: segA,segB,segG,segD,segE;
      0001A4 AE 50 0A         [ 2]  399 	ldw	x, #0x500a
      0001A7 F6               [ 1]  400 	ld	a, (x)
      0001A8 A4 FD            [ 1]  401 	and	a, #0xfd
      0001AA F7               [ 1]  402 	ld	(x), a
      0001AB AE 50 0A         [ 2]  403 	ldw	x, #0x500a
      0001AE F6               [ 1]  404 	ld	a, (x)
      0001AF A4 FB            [ 1]  405 	and	a, #0xfb
      0001B1 F7               [ 1]  406 	ld	(x), a
      0001B2 AE 50 0A         [ 2]  407 	ldw	x, #0x500a
      0001B5 F6               [ 1]  408 	ld	a, (x)
      0001B6 A4 BF            [ 1]  409 	and	a, #0xbf
      0001B8 F7               [ 1]  410 	ld	(x), a
      0001B9 AE 50 0A         [ 2]  411 	ldw	x, #0x500a
      0001BC F6               [ 1]  412 	ld	a, (x)
      0001BD A4 DF            [ 1]  413 	and	a, #0xdf
      0001BF F7               [ 1]  414 	ld	(x), a
      0001C0 AE 50 1E         [ 2]  415 	ldw	x, #0x501e
      0001C3 F6               [ 1]  416 	ld	a, (x)
      0001C4 A4 EF            [ 1]  417 	and	a, #0xef
      0001C6 F7               [ 1]  418 	ld	(x), a
                                    419 ;	inc/7sig.h: 30: break;
      0001C7 CCr02rC6         [ 2]  420 	jp	00119$
                                    421 ;	inc/7sig.h: 31: case 3:   
      0001CA                        422 00110$:
                                    423 ;	inc/7sig.h: 32: segA,segB,segC,segD,segG;
      0001CA AE 50 0A         [ 2]  424 	ldw	x, #0x500a
      0001CD F6               [ 1]  425 	ld	a, (x)
      0001CE A4 FD            [ 1]  426 	and	a, #0xfd
      0001D0 F7               [ 1]  427 	ld	(x), a
      0001D1 AE 50 0A         [ 2]  428 	ldw	x, #0x500a
      0001D4 F6               [ 1]  429 	ld	a, (x)
      0001D5 A4 FB            [ 1]  430 	and	a, #0xfb
      0001D7 F7               [ 1]  431 	ld	(x), a
      0001D8 AE 50 0A         [ 2]  432 	ldw	x, #0x500a
      0001DB F6               [ 1]  433 	ld	a, (x)
      0001DC A4 F7            [ 1]  434 	and	a, #0xf7
      0001DE F7               [ 1]  435 	ld	(x), a
      0001DF AE 50 0A         [ 2]  436 	ldw	x, #0x500a
      0001E2 F6               [ 1]  437 	ld	a, (x)
      0001E3 A4 DF            [ 1]  438 	and	a, #0xdf
      0001E5 F7               [ 1]  439 	ld	(x), a
      0001E6 AE 50 0A         [ 2]  440 	ldw	x, #0x500a
      0001E9 F6               [ 1]  441 	ld	a, (x)
      0001EA A4 BF            [ 1]  442 	and	a, #0xbf
      0001EC F7               [ 1]  443 	ld	(x), a
                                    444 ;	inc/7sig.h: 33: break;
      0001ED CCr02rC6         [ 2]  445 	jp	00119$
                                    446 ;	inc/7sig.h: 34: case 4:   
      0001F0                        447 00111$:
                                    448 ;	inc/7sig.h: 35: segF,segB,segG,segC;
      0001F0 72 1F 50 0A      [ 1]  449 	bres	0x500a, #7
      0001F4 AE 50 0A         [ 2]  450 	ldw	x, #0x500a
      0001F7 F6               [ 1]  451 	ld	a, (x)
      0001F8 A4 FB            [ 1]  452 	and	a, #0xfb
      0001FA F7               [ 1]  453 	ld	(x), a
      0001FB AE 50 0A         [ 2]  454 	ldw	x, #0x500a
      0001FE F6               [ 1]  455 	ld	a, (x)
      0001FF A4 BF            [ 1]  456 	and	a, #0xbf
      000201 F7               [ 1]  457 	ld	(x), a
      000202 AE 50 0A         [ 2]  458 	ldw	x, #0x500a
      000205 F6               [ 1]  459 	ld	a, (x)
      000206 A4 F7            [ 1]  460 	and	a, #0xf7
      000208 F7               [ 1]  461 	ld	(x), a
                                    462 ;	inc/7sig.h: 36: break;
      000209 CCr02rC6         [ 2]  463 	jp	00119$
                                    464 ;	inc/7sig.h: 37: case 5:   
      00020C                        465 00112$:
                                    466 ;	inc/7sig.h: 38: segA,segC,segD,segF,segG;
      00020C AE 50 0A         [ 2]  467 	ldw	x, #0x500a
      00020F F6               [ 1]  468 	ld	a, (x)
      000210 A4 FD            [ 1]  469 	and	a, #0xfd
      000212 F7               [ 1]  470 	ld	(x), a
      000213 AE 50 0A         [ 2]  471 	ldw	x, #0x500a
      000216 F6               [ 1]  472 	ld	a, (x)
      000217 A4 F7            [ 1]  473 	and	a, #0xf7
      000219 F7               [ 1]  474 	ld	(x), a
      00021A AE 50 0A         [ 2]  475 	ldw	x, #0x500a
      00021D F6               [ 1]  476 	ld	a, (x)
      00021E A4 DF            [ 1]  477 	and	a, #0xdf
      000220 F7               [ 1]  478 	ld	(x), a
      000221 72 1F 50 0A      [ 1]  479 	bres	0x500a, #7
      000225 AE 50 0A         [ 2]  480 	ldw	x, #0x500a
      000228 F6               [ 1]  481 	ld	a, (x)
      000229 A4 BF            [ 1]  482 	and	a, #0xbf
      00022B F7               [ 1]  483 	ld	(x), a
                                    484 ;	inc/7sig.h: 39: break;
      00022C CCr02rC6         [ 2]  485 	jp	00119$
                                    486 ;	inc/7sig.h: 40: case 6:   
      00022F                        487 00113$:
                                    488 ;	inc/7sig.h: 41: segA,segC,segD,segE,segF,segG;
      00022F AE 50 0A         [ 2]  489 	ldw	x, #0x500a
      000232 F6               [ 1]  490 	ld	a, (x)
      000233 A4 FD            [ 1]  491 	and	a, #0xfd
      000235 F7               [ 1]  492 	ld	(x), a
      000236 AE 50 0A         [ 2]  493 	ldw	x, #0x500a
      000239 F6               [ 1]  494 	ld	a, (x)
      00023A A4 F7            [ 1]  495 	and	a, #0xf7
      00023C F7               [ 1]  496 	ld	(x), a
      00023D AE 50 0A         [ 2]  497 	ldw	x, #0x500a
      000240 F6               [ 1]  498 	ld	a, (x)
      000241 A4 DF            [ 1]  499 	and	a, #0xdf
      000243 F7               [ 1]  500 	ld	(x), a
      000244 AE 50 1E         [ 2]  501 	ldw	x, #0x501e
      000247 F6               [ 1]  502 	ld	a, (x)
      000248 A4 EF            [ 1]  503 	and	a, #0xef
      00024A F7               [ 1]  504 	ld	(x), a
      00024B 72 1F 50 0A      [ 1]  505 	bres	0x500a, #7
      00024F AE 50 0A         [ 2]  506 	ldw	x, #0x500a
      000252 F6               [ 1]  507 	ld	a, (x)
      000253 A4 BF            [ 1]  508 	and	a, #0xbf
      000255 F7               [ 1]  509 	ld	(x), a
                                    510 ;	inc/7sig.h: 42: break;
      000256 20 6E            [ 2]  511 	jra	00119$
                                    512 ;	inc/7sig.h: 43: case 7:   
      000258                        513 00114$:
                                    514 ;	inc/7sig.h: 44: segA,segB,segC;
      000258 AE 50 0A         [ 2]  515 	ldw	x, #0x500a
      00025B F6               [ 1]  516 	ld	a, (x)
      00025C A4 FD            [ 1]  517 	and	a, #0xfd
      00025E F7               [ 1]  518 	ld	(x), a
      00025F AE 50 0A         [ 2]  519 	ldw	x, #0x500a
      000262 F6               [ 1]  520 	ld	a, (x)
      000263 A4 FB            [ 1]  521 	and	a, #0xfb
      000265 F7               [ 1]  522 	ld	(x), a
      000266 AE 50 0A         [ 2]  523 	ldw	x, #0x500a
      000269 F6               [ 1]  524 	ld	a, (x)
      00026A A4 F7            [ 1]  525 	and	a, #0xf7
      00026C F7               [ 1]  526 	ld	(x), a
                                    527 ;	inc/7sig.h: 45: break;
      00026D 20 57            [ 2]  528 	jra	00119$
                                    529 ;	inc/7sig.h: 46: case 8:   
      00026F                        530 00115$:
                                    531 ;	inc/7sig.h: 47: segA,segB,segC,segD,segE,segF,segG;
      00026F AE 50 0A         [ 2]  532 	ldw	x, #0x500a
      000272 F6               [ 1]  533 	ld	a, (x)
      000273 A4 FD            [ 1]  534 	and	a, #0xfd
      000275 F7               [ 1]  535 	ld	(x), a
      000276 AE 50 0A         [ 2]  536 	ldw	x, #0x500a
      000279 F6               [ 1]  537 	ld	a, (x)
      00027A A4 FB            [ 1]  538 	and	a, #0xfb
      00027C F7               [ 1]  539 	ld	(x), a
      00027D AE 50 0A         [ 2]  540 	ldw	x, #0x500a
      000280 F6               [ 1]  541 	ld	a, (x)
      000281 A4 F7            [ 1]  542 	and	a, #0xf7
      000283 F7               [ 1]  543 	ld	(x), a
      000284 AE 50 0A         [ 2]  544 	ldw	x, #0x500a
      000287 F6               [ 1]  545 	ld	a, (x)
      000288 A4 DF            [ 1]  546 	and	a, #0xdf
      00028A F7               [ 1]  547 	ld	(x), a
      00028B AE 50 1E         [ 2]  548 	ldw	x, #0x501e
      00028E F6               [ 1]  549 	ld	a, (x)
      00028F A4 EF            [ 1]  550 	and	a, #0xef
      000291 F7               [ 1]  551 	ld	(x), a
      000292 72 1F 50 0A      [ 1]  552 	bres	0x500a, #7
      000296 AE 50 0A         [ 2]  553 	ldw	x, #0x500a
      000299 F6               [ 1]  554 	ld	a, (x)
      00029A A4 BF            [ 1]  555 	and	a, #0xbf
      00029C F7               [ 1]  556 	ld	(x), a
                                    557 ;	inc/7sig.h: 48: break;
      00029D 20 27            [ 2]  558 	jra	00119$
                                    559 ;	inc/7sig.h: 49: case 9:   
      00029F                        560 00116$:
                                    561 ;	inc/7sig.h: 50: segA,segB,segC,segD,segF,segG;
      00029F AE 50 0A         [ 2]  562 	ldw	x, #0x500a
      0002A2 F6               [ 1]  563 	ld	a, (x)
      0002A3 A4 FD            [ 1]  564 	and	a, #0xfd
      0002A5 F7               [ 1]  565 	ld	(x), a
      0002A6 AE 50 0A         [ 2]  566 	ldw	x, #0x500a
      0002A9 F6               [ 1]  567 	ld	a, (x)
      0002AA A4 FB            [ 1]  568 	and	a, #0xfb
      0002AC F7               [ 1]  569 	ld	(x), a
      0002AD AE 50 0A         [ 2]  570 	ldw	x, #0x500a
      0002B0 F6               [ 1]  571 	ld	a, (x)
      0002B1 A4 F7            [ 1]  572 	and	a, #0xf7
      0002B3 F7               [ 1]  573 	ld	(x), a
      0002B4 AE 50 0A         [ 2]  574 	ldw	x, #0x500a
      0002B7 F6               [ 1]  575 	ld	a, (x)
      0002B8 A4 DF            [ 1]  576 	and	a, #0xdf
      0002BA F7               [ 1]  577 	ld	(x), a
      0002BB 72 1F 50 0A      [ 1]  578 	bres	0x500a, #7
      0002BF AE 50 0A         [ 2]  579 	ldw	x, #0x500a
      0002C2 F6               [ 1]  580 	ld	a, (x)
      0002C3 A4 BF            [ 1]  581 	and	a, #0xbf
      0002C5 F7               [ 1]  582 	ld	(x), a
                                    583 ;	inc/7sig.h: 54: }
      0002C6                        584 00119$:
      0002C6 5B 02            [ 2]  585 	addw	sp, #2
      0002C8 81               [ 4]  586 	ret
                                    587 ;	main.c: 8: void delay(int t)
                                    588 ;	-----------------------------------------
                                    589 ;	 function delay
                                    590 ;	-----------------------------------------
      0002C9                        591 _delay:
      0002C9 52 02            [ 2]  592 	sub	sp, #2
                                    593 ;	main.c: 11: for(i=0;i<t;i++)
      0002CB 5F               [ 1]  594 	clrw	x
      0002CC                        595 00107$:
      0002CC 13 05            [ 2]  596 	cpw	x, (0x05, sp)
      0002CE 2E 13            [ 1]  597 	jrsge	00109$
                                    598 ;	main.c: 13: for(s=0;s<1512;s++)
      0002D0 90 AE 05 E8      [ 2]  599 	ldw	y, #0x05e8
      0002D4 17 01            [ 2]  600 	ldw	(0x01, sp), y
      0002D6                        601 00105$:
      0002D6 16 01            [ 2]  602 	ldw	y, (0x01, sp)
      0002D8 90 5A            [ 2]  603 	decw	y
      0002DA 17 01            [ 2]  604 	ldw	(0x01, sp), y
      0002DC 90 5D            [ 2]  605 	tnzw	y
      0002DE 26 F6            [ 1]  606 	jrne	00105$
                                    607 ;	main.c: 11: for(i=0;i<t;i++)
      0002E0 5C               [ 1]  608 	incw	x
      0002E1 20 E9            [ 2]  609 	jra	00107$
      0002E3                        610 00109$:
      0002E3 5B 02            [ 2]  611 	addw	sp, #2
      0002E5 81               [ 4]  612 	ret
                                    613 ;	main.c: 20: void main(void)
                                    614 ;	-----------------------------------------
                                    615 ;	 function main
                                    616 ;	-----------------------------------------
      0002E6                        617 _main:
                                    618 ;	main.c: 24: clk_init();
      0002E6 CDr00r00         [ 4]  619 	call	_clk_init
                                    620 ;	main.c: 25: GPIO_init();
      0002E9 CDr00r28         [ 4]  621 	call	_GPIO_init
                                    622 ;	main.c: 28: while(1)
      0002EC                        623 00102$:
                                    624 ;	main.c: 30: bit1(PD_ODR,2);
      0002EC AE 50 0F         [ 2]  625 	ldw	x, #0x500f
      0002EF F6               [ 1]  626 	ld	a, (x)
      0002F0 AA 04            [ 1]  627 	or	a, #0x04
      0002F2 F7               [ 1]  628 	ld	(x), a
                                    629 ;	main.c: 31: delay(100);
      0002F3 4B 64            [ 1]  630 	push	#0x64
      0002F5 4B 00            [ 1]  631 	push	#0x00
      0002F7 CDr02rC9         [ 4]  632 	call	_delay
      0002FA 5B 02            [ 2]  633 	addw	sp, #2
                                    634 ;	main.c: 32: bit0(PD_ODR,2);
      0002FC AE 50 0F         [ 2]  635 	ldw	x, #0x500f
      0002FF F6               [ 1]  636 	ld	a, (x)
      000300 A4 FB            [ 1]  637 	and	a, #0xfb
      000302 F7               [ 1]  638 	ld	(x), a
                                    639 ;	main.c: 33: delay(100);
      000303 4B 64            [ 1]  640 	push	#0x64
      000305 4B 00            [ 1]  641 	push	#0x00
      000307 CDr02rC9         [ 4]  642 	call	_delay
      00030A 5B 02            [ 2]  643 	addw	sp, #2
      00030C 20 DE            [ 2]  644 	jra	00102$
      00030E 81               [ 4]  645 	ret
                                    646 	.area CODE
                                    647 	.area INITIALIZER
                                    648 	.area CABS (ABS)
